# JRE version: OpenJDK Runtime Environment (11.0.15) (build 11.0.15+0-b2043.56-8887301)
# Java VM: OpenJDK 64-Bit Server VM (11.0.15+0-b2043.56-8887301, mixed mode, tiered, compressed oops, g1 gc, windows-amd64)
Heap:
 garbage-first heap   total 258048K, used 104350K [0x0000000080000000, 0x0000000100000000)
  region size 1024K, 38 young (38912K), 12 survivors (12288K)
 Metaspace       used 93275K, capacity 95834K, committed 95964K, reserved 1132544K
  class space    used 12098K, capacity 13092K, committed 13184K, reserved 1048576K
GC Heap History (20 events):
Event: 2.521 GC heap before
{Heap before GC invocations=1 (full 0):
 garbage-first heap   total 258048K, used 108677K [0x0000000080000000, 0x0000000100000000)
  region size 1024K, 100 young (102400K), 3 survivors (3072K)
 Metaspace       used 20787K, capacity 21193K, committed 21296K, reserved 1069056K
  class space    used 2523K, capacity 2687K, committed 2688K, reserved 1048576K
}
Event: 2.531 GC heap after
{Heap after GC invocations=2 (full 0):
 garbage-first heap   total 258048K, used 17619K [0x0000000080000000, 0x0000000100000000)
  region size 1024K, 12 young (12288K), 12 survivors (12288K)
 Metaspace       used 20787K, capacity 21193K, committed 21296K, reserved 1069056K
  class space    used 2523K, capacity 2687K, committed 2688K, reserved 1048576K
}
Event: 2.856 GC heap before
{Heap before GC invocations=3 (full 0):
 garbage-first heap   total 258048K, used 52435K [0x0000000080000000, 0x0000000100000000)
  region size 1024K, 46 young (47104K), 12 survivors (12288K)
 Metaspace       used 24253K, capacity 24808K, committed 25088K, reserved 1071104K
  class space    used 3093K, capacity 3283K, committed 3328K, reserved 1048576K
}
Event: 2.861 GC heap after
{Heap after GC invocations=4 (full 0):
 garbage-first heap   total 258048K, used 18410K [0x0000000080000000, 0x0000000100000000)
  region size 1024K, 2 young (2048K), 2 survivors (2048K)
 Metaspace       used 24253K, capacity 24808K, committed 25088K, reserved 1071104K
  class space    used 3093K, capacity 3283K, committed 3328K, reserved 1048576K
}
Event: 3.832 GC heap before
{Heap before GC invocations=4 (full 0):
 garbage-first heap   total 258048K, used 104426K [0x0000000080000000, 0x0000000100000000)
  region size 1024K, 87 young (89088K), 2 survivors (2048K)
 Metaspace       used 35005K, capacity 35894K, committed 35968K, reserved 1081344K
  class space    used 4567K, capacity 4921K, committed 4992K, reserved 1048576K
}
Event: 3.841 GC heap after
{Heap after GC invocations=5 (full 0):
 garbage-first heap   total 258048K, used 22336K [0x0000000080000000, 0x0000000100000000)
  region size 1024K, 6 young (6144K), 6 survivors (6144K)
 Metaspace       used 35005K, capacity 35894K, committed 35968K, reserved 1081344K
  class space    used 4567K, capacity 4921K, committed 4992K, reserved 1048576K
}
Event: 5.084 GC heap before
{Heap before GC invocations=6 (full 0):
 garbage-first heap   total 258048K, used 147264K [0x0000000080000000, 0x0000000100000000)
  region size 1024K, 124 young (126976K), 6 survivors (6144K)
 Metaspace       used 46212K, capacity 47218K, committed 47388K, reserved 1091584K
  class space    used 5877K, capacity 6269K, committed 6272K, reserved 1048576K
}
Event: 5.092 GC heap after
{Heap after GC invocations=7 (full 0):
 garbage-first heap   total 258048K, used 30557K [0x0000000080000000, 0x0000000100000000)
  region size 1024K, 14 young (14336K), 14 survivors (14336K)
 Metaspace       used 46212K, capacity 47218K, committed 47388K, reserved 1091584K
  class space    used 5877K, capacity 6269K, committed 6272K, reserved 1048576K
}
Event: 7.088 GC heap before
{Heap before GC invocations=7 (full 0):
 garbage-first heap   total 258048K, used 173917K [0x0000000080000000, 0x0000000100000000)
  region size 1024K, 151 young (154624K), 14 survivors (14336K)
 Metaspace       used 58929K, capacity 60341K, committed 60444K, reserved 1101824K
  class space    used 7456K, capacity 8000K, committed 8064K, reserved 1048576K
}
Event: 7.099 GC heap after
{Heap after GC invocations=8 (full 0):
 garbage-first heap   total 258048K, used 43462K [0x0000000080000000, 0x0000000100000000)
  region size 1024K, 19 young (19456K), 19 survivors (19456K)
 Metaspace       used 58929K, capacity 60341K, committed 60444K, reserved 1101824K
  class space    used 7456K, capacity 8000K, committed 8064K, reserved 1048576K
}
Event: 7.122 GC heap before
{Heap before GC invocations=8 (full 0):
 garbage-first heap   total 258048K, used 45510K [0x0000000080000000, 0x0000000100000000)
  region size 1024K, 22 young (22528K), 19 survivors (19456K)
 Metaspace       used 59219K, capacity 60565K, committed 60636K, reserved 1101824K
  class space    used 7502K, capacity 8032K, committed 8064K, reserved 1048576K
}
Event: 7.137 GC heap after
{Heap after GC invocations=9 (full 0):
 garbage-first heap   total 258048K, used 45688K [0x0000000080000000, 0x0000000100000000)
  region size 1024K, 3 young (3072K), 3 survivors (3072K)
 Metaspace       used 59219K, capacity 60565K, committed 60636K, reserved 1101824K
  class space    used 7502K, capacity 8032K, committed 8064K, reserved 1048576K
}
Event: 8.411 GC heap before
{Heap before GC invocations=10 (full 0):
 garbage-first heap   total 258048K, used 166520K [0x0000000080000000, 0x0000000100000000)
  region size 1024K, 114 young (116736K), 3 survivors (3072K)
 Metaspace       used 70241K, capacity 71898K, committed 72156K, reserved 1112064K
  class space    used 8873K, capacity 9491K, committed 9600K, reserved 1048576K
}
Event: 8.418 GC heap after
{Heap after GC invocations=11 (full 0):
 garbage-first heap   total 258048K, used 51087K [0x0000000080000000, 0x0000000100000000)
  region size 1024K, 8 young (8192K), 8 survivors (8192K)
 Metaspace       used 70241K, capacity 71898K, committed 72156K, reserved 1112064K
  class space    used 8873K, capacity 9491K, committed 9600K, reserved 1048576K
}
Event: 9.807 GC heap before
{Heap before GC invocations=12 (full 0):
 garbage-first heap   total 258048K, used 169871K [0x0000000080000000, 0x0000000100000000)
  region size 1024K, 124 young (126976K), 8 survivors (8192K)
 Metaspace       used 78805K, capacity 80578K, committed 80732K, reserved 1120256K
  class space    used 10197K, capacity 10889K, committed 11008K, reserved 1048576K
}
Event: 9.815 GC heap after
{Heap after GC invocations=13 (full 0):
 garbage-first heap   total 258048K, used 58100K [0x0000000080000000, 0x0000000100000000)
  region size 1024K, 15 young (15360K), 15 survivors (15360K)
 Metaspace       used 78805K, capacity 80578K, committed 80732K, reserved 1120256K
  class space    used 10197K, capacity 10889K, committed 11008K, reserved 1048576K
}
Event: 11.523 GC heap before
{Heap before GC invocations=13 (full 0):
 garbage-first heap   total 258048K, used 177908K [0x0000000080000000, 0x0000000100000000)
  region size 1024K, 132 young (135168K), 15 survivors (15360K)
 Metaspace       used 86877K, capacity 88961K, committed 89308K, reserved 1126400K
  class space    used 11283K, capacity 12048K, committed 12160K, reserved 1048576K
}
Event: 11.545 GC heap after
{Heap after GC invocations=14 (full 0):
 garbage-first heap   total 258048K, used 68093K [0x0000000080000000, 0x0000000100000000)
  region size 1024K, 17 young (17408K), 17 survivors (17408K)
 Metaspace       used 86877K, capacity 88961K, committed 89308K, reserved 1126400K
  class space    used 11283K, capacity 12048K, committed 12160K, reserved 1048576K
}
Event: 13.587 GC heap before
{Heap before GC invocations=14 (full 0):
 garbage-first heap   total 258048K, used 184829K [0x0000000080000000, 0x0000000100000000)
  region size 1024K, 132 young (135168K), 17 survivors (17408K)
 Metaspace       used 92309K, capacity 94909K, committed 95068K, reserved 1132544K
  class space    used 11997K, capacity 12979K, committed 13056K, reserved 1048576K
}
Event: 13.601 GC heap after
{Heap after GC invocations=15 (full 0):
 garbage-first heap   total 258048K, used 79774K [0x0000000080000000, 0x0000000100000000)
  region size 1024K, 12 young (12288K), 12 survivors (12288K)
 Metaspace       used 92309K, capacity 94909K, committed 95068K, reserved 1132544K
  class space    used 11997K, capacity 12979K, committed 13056K, reserved 1048576K
}

